================================================================
                      STASH EXTRACTION JOB                      
----------------------------------------------------------------
  Suite       : u-df326
  Years       : 1850 to 1860
  Package     : pressure
  Requests    : 1
  Output dir  : /gws/ssde/j25b/mh_gsp/Processed_Output/u-df326
================================================================
 
                         STASH REQUESTS                         
----------------------------------------------------------------
 
                        STASH_NAME               CF_NAME SECTION ITEM OUTPUT_FILE  LEVELS DOMAIN    TIME  INDEX
0  SURFACE PRESSURE AFTER TIMESTEP  surface_air_pressure       0  409          pm       1   DIAG  TMONMN     19
 
----------------------------------------------------------------
 
Output directory exists
 
----------------------------------------------------------------
 
Extracting fields year-by-year...

Year complete: 1857 (1/10)
Year complete: 1852 (2/10)
Year complete: 1858 (3/10)
Year complete: 1856 (4/10)
Year complete: 1859 (5/10)
Year complete: 1854 (6/10)
Year complete: 1850 (7/10)
Year complete: 1855 (8/10)
Year complete: 1853 (9/10)
Year complete: 1851 (10/10)
 
Time elapsed: 19.34 s
 
----------------------------------------------------------------
 
Processing item 409: UM_m01s00i409_vn1302
 
Combining 10 .nc files
Files combined successfully with new shape: (120, 144, 192)
 
Time elapsed: 2.98 s
 
Removing unwanted variables and fixing metadata...
Dropped vars: ['time_bounds', 'bounds', 'bounds_1']
New var name: surfpress
 
Writing and compressing adjusted file...
File written: /gws/ssde/j25b/mh_gsp/Processed_Output/u-df326/surfpress_185001-185912.nc
 
Time elapsed: 0.39 s
 
Removing uncombined files...
Done!
 
----------------------------------------------------------------
 
Time elapsed: 22.72 s
Node: host1082.jc.rl.ac.uk
