================================================================
                      STASH EXTRACTION JOB                      
----------------------------------------------------------------
  Suite       : u-df326
  Years       : 1850 to 1860
  Package     : soil-cn
  Requests    : 11
  Output dir  : /gws/ssde/j25b/mh_gsp/Processed_Output/u-df326
================================================================
 
                         STASH REQUESTS                         
----------------------------------------------------------------
 
                           STASH_NAME                  CF_NAME SECTION ITEM OUTPUT_FILE  LEVELS DOMAIN    TIME  INDEX
0   SOIL CARBON CONTENT AFTER TRIFFID      soil_carbon_content      19   16          pt       1   DIAG  TMONMN     45
1          NITROGEN SOIL TOTAL KGN/M2  id%UM_m01s19i145_vn1302      19  145          pt       1   DIAG  TMONMN     66
2     DPM SOIL-C AFTER TRIFFID KGC/M2  id%UM_m01s19i021_vn1302      19   21          pt       1   DIAG  TMONMN     46
3     RPM SOIL-C AFTER TRIFFID KGC/M2  id%UM_m01s19i022_vn1302      19   22          pt       1   DIAG  TMONMN     47
4     BIO SOIL-C AFTER TRIFFID KGC/M2  id%UM_m01s19i023_vn1302      19   23          pt       1   DIAG  TMONMN     48
5     HUM SOIL-C AFTER TRIFFID KGC/M2  id%UM_m01s19i024_vn1302      19   24          pt       1   DIAG  TMONMN     49
6            NITROGEN SOIL RPM KGN/M2  id%UM_m01s19i141_vn1302      19  141          pt       1   DIAG  TMONMN     62
7            NITROGEN SOIL DPM KGN/M2  id%UM_m01s19i142_vn1302      19  142          pt       1   DIAG  TMONMN     63
8            NITROGEN SOIL BIO KGN/M2  id%UM_m01s19i143_vn1302      19  143          pt       1   DIAG  TMONMN     64
9            NITROGEN SOIL HUM KGN/M2  id%UM_m01s19i144_vn1302      19  144          pt       1   DIAG  TMONMN     65
10          INORGANIC NITROGEN KGN/M2  id%UM_m01s19i146_vn1302      19  146          pt       1   DIAG  TMONMN     67
 
----------------------------------------------------------------
 
Output directory exists
 
----------------------------------------------------------------
 
Extracting fields year-by-year...

Year complete: 1858 (1/10)
Year complete: 1852 (2/10)
Year complete: 1855 (3/10)
Year complete: 1854 (4/10)
Year complete: 1856 (5/10)
Year complete: 1851 (6/10)
Year complete: 1859 (7/10)
Year complete: 1853 (8/10)
Year complete: 1850 (9/10)
Year complete: 1857 (10/10)
 
Time elapsed: 11.18 s
 
----------------------------------------------------------------
 
Processing item 19016: UM_m01s19i016_vn1302
 
Combining 10 .nc files
Files combined successfully with new shape: (120, 144, 192)
 
Time elapsed: 2.70 s
 
Removing unwanted variables and fixing metadata...
Dropped vars: ['time_bounds', 'bounds', 'bounds_1']
New var name: total_cpool
 
Writing and compressing adjusted file...
File written: /gws/ssde/j25b/mh_gsp/Processed_Output/u-df326/total_cpool_185001-185912.nc
 
Time elapsed: 0.29 s
 
Removing uncombined files...
Done!
 
----------------------------------------------------------------
 
Processing item 19145: UM_m01s19i145_vn1302
 
Combining 10 .nc files
Files combined successfully with new shape: (120, 144, 192)
 
Time elapsed: 0.20 s
 
Removing unwanted variables and fixing metadata...
Dropped vars: ['time_bounds', 'bounds', 'bounds_1']
New var name: total_npool
 
Writing and compressing adjusted file...
File written: /gws/ssde/j25b/mh_gsp/Processed_Output/u-df326/total_npool_185001-185912.nc
 
Time elapsed: 0.44 s
 
Removing uncombined files...
Done!
 
----------------------------------------------------------------
 
Processing item 19021: UM_m01s19i021_vn1302
 
Combining 10 .nc files
Files combined successfully with new shape: (120, 144, 192)
 
Time elapsed: 0.21 s
 
Removing unwanted variables and fixing metadata...
Dropped vars: ['time_bounds', 'bounds', 'bounds_1']
New var name: dpm_cpool
 
Writing and compressing adjusted file...
File written: /gws/ssde/j25b/mh_gsp/Processed_Output/u-df326/dpm_cpool_185001-185912.nc
 
Time elapsed: 0.33 s
 
Removing uncombined files...
Done!
 
----------------------------------------------------------------
 
Processing item 19022: UM_m01s19i022_vn1302
 
Combining 10 .nc files
Files combined successfully with new shape: (120, 144, 192)
 
Time elapsed: 0.21 s
 
Removing unwanted variables and fixing metadata...
Dropped vars: ['time_bounds', 'bounds', 'bounds_1']
New var name: rpm_cpool
 
Writing and compressing adjusted file...
File written: /gws/ssde/j25b/mh_gsp/Processed_Output/u-df326/rpm_cpool_185001-185912.nc
 
Time elapsed: 0.30 s
 
Removing uncombined files...
Done!
 
----------------------------------------------------------------
 
Processing item 19023: UM_m01s19i023_vn1302
 
Combining 10 .nc files
Files combined successfully with new shape: (120, 144, 192)
 
Time elapsed: 0.19 s
 
Removing unwanted variables and fixing metadata...
Dropped vars: ['time_bounds', 'bounds', 'bounds_1']
New var name: bio_cpool
 
Writing and compressing adjusted file...
File written: /gws/ssde/j25b/mh_gsp/Processed_Output/u-df326/bio_cpool_185001-185912.nc
 
Time elapsed: 0.45 s
 
Removing uncombined files...
Done!
 
----------------------------------------------------------------
 
Processing item 19024: UM_m01s19i024_vn1302
 
Combining 10 .nc files
Files combined successfully with new shape: (120, 144, 192)
 
Time elapsed: 0.18 s
 
Removing unwanted variables and fixing metadata...
Dropped vars: ['time_bounds', 'bounds', 'bounds_1']
New var name: hum_cpool
 
Writing and compressing adjusted file...
File written: /gws/ssde/j25b/mh_gsp/Processed_Output/u-df326/hum_cpool_185001-185912.nc
 
Time elapsed: 0.28 s
 
Removing uncombined files...
Done!
 
----------------------------------------------------------------
 
Processing item 19141: UM_m01s19i141_vn1302
 
Combining 10 .nc files
Files combined successfully with new shape: (120, 144, 192)
 
Time elapsed: 0.21 s
 
Removing unwanted variables and fixing metadata...
Dropped vars: ['time_bounds', 'bounds', 'bounds_1']
New var name: dpm_npool
 
Writing and compressing adjusted file...
File written: /gws/ssde/j25b/mh_gsp/Processed_Output/u-df326/dpm_npool_185001-185912.nc
 
Time elapsed: 0.34 s
 
Removing uncombined files...
Done!
 
----------------------------------------------------------------
 
Processing item 19142: UM_m01s19i142_vn1302
 
Combining 10 .nc files
Files combined successfully with new shape: (120, 144, 192)
 
Time elapsed: 0.21 s
 
Removing unwanted variables and fixing metadata...
Dropped vars: ['time_bounds', 'bounds', 'bounds_1']
New var name: rpm_npool
 
Removed unnecessary file: /gws/ssde/j25b/mh_gsp/Processed_Output/u-df326/rpm_npool_185001-185912.nc
 
Writing and compressing adjusted file...
File written: /gws/ssde/j25b/mh_gsp/Processed_Output/u-df326/rpm_npool_185001-185912.nc
 
Time elapsed: 0.32 s
 
Removing uncombined files...
Done!
 
----------------------------------------------------------------
 
Processing item 19143: UM_m01s19i143_vn1302
 
Combining 10 .nc files
Files combined successfully with new shape: (120, 144, 192)
 
Time elapsed: 0.20 s
 
Removing unwanted variables and fixing metadata...
Dropped vars: ['time_bounds', 'bounds', 'bounds_1']
New var name: bio_npool
 
Removed unnecessary file: /gws/ssde/j25b/mh_gsp/Processed_Output/u-df326/bio_npool_185001-185912.nc
 
Writing and compressing adjusted file...
File written: /gws/ssde/j25b/mh_gsp/Processed_Output/u-df326/bio_npool_185001-185912.nc
 
Time elapsed: 0.31 s
 
Removing uncombined files...
Done!
 
----------------------------------------------------------------
 
Processing item 19144: UM_m01s19i144_vn1302
 
Combining 10 .nc files
Files combined successfully with new shape: (120, 144, 192)
 
Time elapsed: 0.19 s
 
Removing unwanted variables and fixing metadata...
Dropped vars: ['time_bounds', 'bounds', 'bounds_1']
New var name: hum_npool
 
Removed unnecessary file: /gws/ssde/j25b/mh_gsp/Processed_Output/u-df326/hum_npool_185001-185912.nc
 
Writing and compressing adjusted file...
File written: /gws/ssde/j25b/mh_gsp/Processed_Output/u-df326/hum_npool_185001-185912.nc
 
Time elapsed: 0.44 s
 
Removing uncombined files...
Done!
 
----------------------------------------------------------------
 
Processing item 19146: UM_m01s19i146_vn1302
 
Combining 10 .nc files
Files combined successfully with new shape: (120, 144, 192)
 
Time elapsed: 0.21 s
 
Removing unwanted variables and fixing metadata...
Dropped vars: ['time_bounds', 'bounds', 'bounds_1']
New var name: inor_npool
 
Writing and compressing adjusted file...
File written: /gws/ssde/j25b/mh_gsp/Processed_Output/u-df326/inor_npool_185001-185912.nc
 
Time elapsed: 0.34 s
 
Removing uncombined files...
Done!
 
----------------------------------------------------------------
 
Time elapsed: 19.96 s
Node: host1078.jc.rl.ac.uk
