================================================================
                      STASH EXTRACTION JOB                      
----------------------------------------------------------------
  Suite       : u-df326
  Years       : 1850 to 1860
  Package     : spinup
  Requests    : 6
  Output dir  : /gws/ssde/j25b/mh_gsp/Processed_Output/u-df326
================================================================
 
                         STASH REQUESTS                         
----------------------------------------------------------------
 
                            STASH_NAME                      CF_NAME SECTION ITEM OUTPUT_FILE  LEVELS DOMAIN    TIME  INDEX
0   SURFACE TEMPERATURE AFTER TIMESTEP          surface_temperature       0   24          pa       1   DIAG  TMONMN      0
1  INCOMING SW RAD FLUX (TOA): ALL TSS  toa_incoming_shortwave_flux       1  207          pa       1   DIAG  TMONMN      1
2           OUTGOING SW RAD FLUX (TOA)  toa_outgoing_shortwave_flux       1  208          pa       1   DIAG  TMONMN      2
3                  TEMPERATURE AT 1.5M              air_temperature       3  236          pa       1   DIAG  TMONMN      3
4    TOA OUTGOING LW RAD AFTER B.LAYER   toa_outgoing_longwave_flux       3  332          pa       1   DIAG  TMONMN      4
5     TOTAL PRECIPITATION RATE KG/M2/S           precipitation_flux       5  216          pa       1   DIAG  TMONMN      5
 
----------------------------------------------------------------
 
Output directory exists
 
----------------------------------------------------------------
 
Extracting fields year-by-year...

Year complete: 1853 (1/10)
Year complete: 1857 (2/10)
Year complete: 1856 (3/10)
Year complete: 1852 (4/10)
Year complete: 1854 (5/10)
Year complete: 1850 (6/10)
Year complete: 1858 (7/10)
Year complete: 1859 (8/10)
Year complete: 1851 (9/10)
Year complete: 1855 (10/10)
 
Time elapsed: 3.69 s
 
----------------------------------------------------------------
 
Processing item 24: UM_m01s00i024_vn1302
 
Combining 10 .nc files
Files combined successfully with new shape: (120, 144, 192)
 
Time elapsed: 2.22 s
 
Removing unwanted variables and fixing metadata...
Dropped vars: ['time_bounds', 'bounds', 'bounds_1']
New var name: ts
 
Removed unnecessary file: /gws/ssde/j25b/mh_gsp/Processed_Output/u-df326/ts_185001-185912.nc
 
Writing and compressing adjusted file...
File written: /gws/ssde/j25b/mh_gsp/Processed_Output/u-df326/ts_185001-185912.nc
 
Time elapsed: 0.51 s
 
Removing uncombined files...
Done!
 
----------------------------------------------------------------
 
Processing item 1207: UM_m01s01i207_vn1302
 
Combining 10 .nc files
Files combined successfully with new shape: (120, 144, 192)
 
Time elapsed: 0.16 s
 
Removing unwanted variables and fixing metadata...
Dropped vars: ['time_bounds', 'bounds', 'bounds_1']
New var name: toa_sw_in
 
Removed unnecessary file: /gws/ssde/j25b/mh_gsp/Processed_Output/u-df326/toa_sw_in_185001-185912.nc
 
Writing and compressing adjusted file...
File written: /gws/ssde/j25b/mh_gsp/Processed_Output/u-df326/toa_sw_in_185001-185912.nc
 
Time elapsed: 0.32 s
 
Removing uncombined files...
Done!
 
----------------------------------------------------------------
 
Processing item 1208: UM_m01s01i208_vn1302
 
Combining 10 .nc files
Files combined successfully with new shape: (120, 144, 192)
 
Time elapsed: 0.25 s
 
Removing unwanted variables and fixing metadata...
Dropped vars: ['time_bounds', 'bounds', 'bounds_1']
New var name: toa_sw_out
 
Removed unnecessary file: /gws/ssde/j25b/mh_gsp/Processed_Output/u-df326/toa_sw_out_185001-185912.nc
 
Writing and compressing adjusted file...
File written: /gws/ssde/j25b/mh_gsp/Processed_Output/u-df326/toa_sw_out_185001-185912.nc
 
Time elapsed: 0.40 s
 
Removing uncombined files...
Done!
 
----------------------------------------------------------------
 
Processing item 3236: UM_m01s03i236_vn1302
 
Combining 10 .nc files
Files combined successfully with new shape: (120, 144, 192)
 
Time elapsed: 0.25 s
 
Removing unwanted variables and fixing metadata...
Dropped vars: ['time_bounds', 'bounds', 'bounds_1', 'height']
New var name: tas
 
Removed unnecessary file: /gws/ssde/j25b/mh_gsp/Processed_Output/u-df326/tas_185001-185912.nc
 
Writing and compressing adjusted file...
File written: /gws/ssde/j25b/mh_gsp/Processed_Output/u-df326/tas_185001-185912.nc
 
Time elapsed: 0.51 s
 
Removing uncombined files...
Done!
 
----------------------------------------------------------------
 
Processing item 3332: UM_m01s03i332_vn1302
 
Combining 10 .nc files
Files combined successfully with new shape: (120, 144, 192)
 
Time elapsed: 0.25 s
 
Removing unwanted variables and fixing metadata...
Dropped vars: ['time_bounds', 'bounds', 'bounds_1']
New var name: toa_lw_out
 
Removed unnecessary file: /gws/ssde/j25b/mh_gsp/Processed_Output/u-df326/toa_lw_out_185001-185912.nc
 
Writing and compressing adjusted file...
File written: /gws/ssde/j25b/mh_gsp/Processed_Output/u-df326/toa_lw_out_185001-185912.nc
 
Time elapsed: 0.45 s
 
Removing uncombined files...
Done!
 
----------------------------------------------------------------
 
Processing item 5216: UM_m01s05i216_vn1302
 
Combining 10 .nc files
Files combined successfully with new shape: (120, 144, 192)
 
Time elapsed: 0.27 s
 
Removing unwanted variables and fixing metadata...
Dropped vars: ['time_bounds', 'bounds', 'bounds_1']
New var name: pr
 
Removed unnecessary file: /gws/ssde/j25b/mh_gsp/Processed_Output/u-df326/pr_185001-185912.nc
 
Writing and compressing adjusted file...
File written: /gws/ssde/j25b/mh_gsp/Processed_Output/u-df326/pr_185001-185912.nc
 
Time elapsed: 0.60 s
 
Removing uncombined files...
Done!
 
----------------------------------------------------------------
 
Time elapsed: 10.00 s
Node: host1206.jc.rl.ac.uk
