================================================================
                      STASH EXTRACTION JOB                      
----------------------------------------------------------------
  Suite       : u-df326
  Years       : 1850 to 1860
  Package     : soil-moisture
  Requests    : 4
  Output dir  : /gws/ssde/j25b/mh_gsp/Processed_Output/u-df326
================================================================
 
                         STASH REQUESTS                         
----------------------------------------------------------------
 
                            STASH_NAME                                           CF_NAME SECTION ITEM OUTPUT_FILE  LEVELS DOMAIN    TIME  INDEX
0     SOIL MOISTURE CONTENT IN A LAYER                    moisture_content_of_soil_layer       8  223          pt       4  DSOIL  TMONMN     24
1      UNFROZEN SOIL MOISTURE FRACTION  mass_fraction_of_unfrozen_water_in_soil_moisture       8  229          pt       4  DSOIL  TMONMN     26
2        FROZEN SOIL MOISTURE FRACTION    mass_fraction_of_frozen_water_in_soil_moisture       8  230          pt       4  DSOIL  TMONMN     27
3  DEEP SOIL TEMP.AFTER HYDROLOGY DEGK                                  soil_temperature       8  225          pt       4  DSOIL  TMONMN     25
 
----------------------------------------------------------------
 
Output directory exists
 
----------------------------------------------------------------
 
Extracting fields year-by-year...

Year complete: 1856 (1/10)
Year complete: 1854 (2/10)
Year complete: 1858 (3/10)
Year complete: 1859 (4/10)
Year complete: 1857 (5/10)
Year complete: 1855 (6/10)
Year complete: 1851 (7/10)
Year complete: 1853 (8/10)
Year complete: 1850 (9/10)
Year complete: 1852 (10/10)
 
Time elapsed: 10.10 s
 
----------------------------------------------------------------
 
Processing item 8223: UM_m01s08i223_vn1302
 
Combining 10 .nc files
Files combined successfully with new shape: (120, 4, 144, 192)
 
Time elapsed: 2.61 s
 
Removing unwanted variables and fixing metadata...
Dropped vars: ['time_bounds', 'bounds', 'bounds_1', 'bounds_2']
New var name: soil_moisture
 
Writing and compressing adjusted file...
File written: /gws/ssde/j25b/mh_gsp/Processed_Output/u-df326/soil_moisture_185001-185912.nc
 
Time elapsed: 0.97 s
 
Removing uncombined files...
Done!
 
----------------------------------------------------------------
 
Processing item 8229: UM_m01s08i229_vn1302
 
Combining 10 .nc files
Files combined successfully with new shape: (120, 4, 144, 192)
 
Time elapsed: 0.55 s
 
Removing unwanted variables and fixing metadata...
Dropped vars: ['time_bounds', 'bounds', 'bounds_1', 'bounds_2']
New var name: unfrozen_smc
 
Writing and compressing adjusted file...
File written: /gws/ssde/j25b/mh_gsp/Processed_Output/u-df326/unfrozen_smc_185001-185912.nc
 
Time elapsed: 0.79 s
 
Removing uncombined files...
Done!
 
----------------------------------------------------------------
 
Processing item 8230: UM_m01s08i230_vn1302
 
Combining 10 .nc files
Files combined successfully with new shape: (120, 4, 144, 192)
 
Time elapsed: 0.45 s
 
Removing unwanted variables and fixing metadata...
Dropped vars: ['time_bounds', 'bounds', 'bounds_1', 'bounds_2']
New var name: frozen_smc
 
Writing and compressing adjusted file...
File written: /gws/ssde/j25b/mh_gsp/Processed_Output/u-df326/frozen_smc_185001-185912.nc
 
Time elapsed: 0.58 s
 
Removing uncombined files...
Done!
 
----------------------------------------------------------------
 
Processing item 8225: UM_m01s08i225_vn1302
 
Combining 10 .nc files
Files combined successfully with new shape: (120, 4, 144, 192)
 
Time elapsed: 0.44 s
 
Removing unwanted variables and fixing metadata...
Dropped vars: ['time_bounds', 'bounds', 'bounds_1', 'bounds_2']
New var name: soil_temp
 
Writing and compressing adjusted file...
File written: /gws/ssde/j25b/mh_gsp/Processed_Output/u-df326/soil_temp_185001-185912.nc
 
Time elapsed: 0.66 s
 
Removing uncombined files...
Done!
 
----------------------------------------------------------------
 
Time elapsed: 17.25 s
Node: host1214.jc.rl.ac.uk
