########### STASH EXTRACTION CONFIGURAITON ###########
## Suite                                    u-df326 ##
## Start                                       1850 ##
## End                                         1900 ##
## Package Name                              spinup ##
######################################################
 
--------------------- STASH LIST ---------------------
 
                            STASH_NAME                      CF_NAME SECTION ITEM OUTPUT_FILE  LEVELS DOMAIN    TIME  INDEX
0   SURFACE TEMPERATURE AFTER TIMESTEP          surface_temperature       0   24          pa       1   DIAG  TMONMN      0
1  INCOMING SW RAD FLUX (TOA): ALL TSS  toa_incoming_shortwave_flux       1  207          pa       1   DIAG  TMONMN      1
2           OUTGOING SW RAD FLUX (TOA)  toa_outgoing_shortwave_flux       1  208          pa       1   DIAG  TMONMN      2
3                  TEMPERATURE AT 1.5M              air_temperature       3  236          pa       1   DIAG  TMONMN      3
4    TOA OUTGOING LW RAD AFTER B.LAYER   toa_outgoing_longwave_flux       3  332          pa       1   DIAG  TMONMN      4
5     TOTAL PRECIPITATION RATE KG/M2/S           precipitation_flux       5  216          pa       1   DIAG  TMONMN      5
 
------------------------------------------------------
 
Output directory exists
 
------------------------------------------------------
 
Extracting fields year-by-year...

Year complete: 1851 (1/50)
Year complete: 1856 (2/50)
Year complete: 1858 (3/50)
Year complete: 1852 (4/50)
Year complete: 1859 (5/50)
Year complete: 1880 (6/50)
Year complete: 1872 (7/50)
Year complete: 1896 (8/50)
Year complete: 1862 (9/50)
Year complete: 1899 (10/50)
Year complete: 1888 (11/50)
Year complete: 1854 (12/50)
Year complete: 1866 (13/50)
Year complete: 1881 (14/50)
Year complete: 1893 (15/50)
Year complete: 1885 (16/50)
Year complete: 1869 (17/50)
Year complete: 1867 (18/50)
Year complete: 1892 (19/50)
Year complete: 1850 (20/50)
Year complete: 1853 (21/50)
Year complete: 1864 (22/50)
Year complete: 1857 (23/50)
Year complete: 1894 (24/50)
Year complete: 1883 (25/50)
Year complete: 1879 (26/50)
Year complete: 1868 (27/50)
Year complete: 1855 (28/50)
Year complete: 1860 (29/50)
Year complete: 1875 (30/50)
Year complete: 1886 (31/50)
Year complete: 1878 (32/50)
Year complete: 1898 (33/50)
Year complete: 1887 (34/50)
Year complete: 1889 (35/50)
Year complete: 1890 (36/50)
Year complete: 1863 (37/50)
Year complete: 1861 (38/50)
Year complete: 1895 (39/50)
Year complete: 1882 (40/50)
Year complete: 1865 (41/50)
Year complete: 1891 (42/50)
Year complete: 1871 (43/50)
Year complete: 1897 (44/50)
Year complete: 1874 (45/50)
Year complete: 1876 (46/50)
Year complete: 1873 (47/50)
Year complete: 1884 (48/50)
Year complete: 1870 (49/50)
Year complete: 1877 (50/50)
 
Time elapsed: 7.40 s
 
------------------------------------------------------
 
Processing item 24: UM_m01s00i024_vn1302
 
Combining 50 .nc files
Files combined successfully with new shape: (600, 144, 192)
 
Time elapsed: 3.61 s
 
Removing unwanted variables and fixing metadata...
Dropped vars: ['time_bounds', 'bounds', 'bounds_1']
New var name: ts
 
Removed unnecessary file: /gws/ssde/j25b/mh_gsp/Processed_Output/u-df326/ts_185001-189912.nc
 
Writing and compressing adjusted file...
File written: /gws/ssde/j25b/mh_gsp/Processed_Output/u-df326/ts_185001-189912.nc
 
Time elapsed: 1.98 s
 
Removing uncombined files...
Done!
 
------------------------------------------------------
 
Processing item 1207: UM_m01s01i207_vn1302
 
Combining 50 .nc files
Files combined successfully with new shape: (600, 144, 192)
 
Time elapsed: 0.70 s
 
Removing unwanted variables and fixing metadata...
Dropped vars: ['time_bounds', 'bounds', 'bounds_1']
New var name: toa_sw_in
 
Writing and compressing adjusted file...
File written: /gws/ssde/j25b/mh_gsp/Processed_Output/u-df326/toa_sw_in_185001-189912.nc
 
Time elapsed: 0.48 s
 
Removing uncombined files...
Done!
 
------------------------------------------------------
 
Processing item 1208: UM_m01s01i208_vn1302
 
Combining 50 .nc files
Files combined successfully with new shape: (600, 144, 192)
 
Time elapsed: 1.48 s
 
Removing unwanted variables and fixing metadata...
Dropped vars: ['time_bounds', 'bounds', 'bounds_1']
New var name: toa_sw_out
 
Writing and compressing adjusted file...
File written: /gws/ssde/j25b/mh_gsp/Processed_Output/u-df326/toa_sw_out_185001-189912.nc
 
Time elapsed: 1.41 s
 
Removing uncombined files...
Done!
 
------------------------------------------------------
 
Processing item 3236: UM_m01s03i236_vn1302
 
Combining 50 .nc files
Files combined successfully with new shape: (600, 144, 192)
 
Time elapsed: 1.12 s
 
Removing unwanted variables and fixing metadata...
Dropped vars: ['time_bounds', 'bounds', 'bounds_1', 'height']
New var name: tas
 
Writing and compressing adjusted file...
File written: /gws/ssde/j25b/mh_gsp/Processed_Output/u-df326/tas_185001-189912.nc
 
Time elapsed: 1.92 s
 
Removing uncombined files...
Done!
 
------------------------------------------------------
 
Processing item 3332: UM_m01s03i332_vn1302
 
Combining 50 .nc files
Files combined successfully with new shape: (600, 144, 192)
 
Time elapsed: 1.14 s
 
Removing unwanted variables and fixing metadata...
Dropped vars: ['time_bounds', 'bounds', 'bounds_1']
New var name: toa_lw_out
 
Writing and compressing adjusted file...
File written: /gws/ssde/j25b/mh_gsp/Processed_Output/u-df326/toa_lw_out_185001-189912.nc
 
Time elapsed: 1.72 s
 
Removing uncombined files...
Done!
 
------------------------------------------------------
 
Processing item 5216: UM_m01s05i216_vn1302
 
Combining 50 .nc files
Files combined successfully with new shape: (600, 144, 192)
 
Time elapsed: 1.16 s
 
Removing unwanted variables and fixing metadata...
Dropped vars: ['time_bounds', 'bounds', 'bounds_1']
New var name: pr
 
Writing and compressing adjusted file...
File written: /gws/ssde/j25b/mh_gsp/Processed_Output/u-df326/pr_185001-189912.nc
 
Time elapsed: 1.67 s
 
Removing uncombined files...
Done!
 
------------------------------------------------------
 
Time elapsed: 26.34 s
Node: host1037.jc.rl.ac.uk
