================================================================
                      STASH EXTRACTION JOB                      
----------------------------------------------------------------
  Suite       : u-df326
  Years       : 1850 to 1860
  Package     : productivity
  Requests    : 7
  Output dir  : /gws/ssde/j25b/mh_gsp/Processed_Output/u-df326
================================================================
 
                         STASH REQUESTS                         
----------------------------------------------------------------
 
                             STASH_NAME                               CF_NAME SECTION ITEM OUTPUT_FILE  LEVELS DOMAIN    TIME  INDEX
0  GROSS PRIMARY PRODUCTIVITY KG C/M2/S  gross_primary_productivity_of_carbon       3  261          pt       1   DIAG  TMONMN      2
1    GROSS PRIMARY PRODUCTIVITY ON PFTS               id%UM_m01s03i289_vn1302       3  289          pt      13  DPFTS  TMONMN      5
2   POTENTIAL NET PRIM PRODUC KG C/M2/S               id%UM_m01s03i662_vn1302       3  662          pt       1   DIAG  TMONMN     18
3  POTEN NET PRIM PRODUC PFTS KG C/M2/S               id%UM_m01s03i691_vn1302       3  691          pt      13  DPFTS  TMONMN     20
4   POTENTIAL PLANT RESPIRATION KG/M2/S               id%UM_m01s03i663_vn1302       3  663          pt       1   DIAG  TMONMN     19
5    POTEN PLANT RESP ON PFTS KG C/M2/S               id%UM_m01s03i692_vn1302       3  692          pt      13  DPFTS  TMONMN     21
6       GRIDBOX MEAN EXUDATES KGC/M2/YR               id%UM_m01s19i104_vn1302      19  104          pt       1   DIAG  TMONMN     58
 
----------------------------------------------------------------
 
Output directory exists
 
----------------------------------------------------------------
 
Extracting fields year-by-year...

Year complete: 1855 (1/10)
Year complete: 1854 (2/10)
Year complete: 1852 (3/10)
Year complete: 1850 (4/10)
Year complete: 1851 (5/10)
Year complete: 1857 (6/10)
Year complete: 1858 (7/10)
Year complete: 1859 (8/10)
Year complete: 1856 (9/10)
Year complete: 1853 (10/10)
 
Time elapsed: 112.65 s
 
----------------------------------------------------------------
 
Processing item 3261: UM_m01s03i261_vn1302
 
Combining 10 .nc files
Files combined successfully with new shape: (120, 144, 192)
 
Time elapsed: 2.19 s
 
Removing unwanted variables and fixing metadata...
Dropped vars: ['time_bounds', 'bounds', 'bounds_1']
New var name: gpp
 
Writing and compressing adjusted file...
File written: /gws/ssde/j25b/mh_gsp/Processed_Output/u-df326/gpp_185001-185912.nc
 
Time elapsed: 0.37 s
 
Removing uncombined files...
Done!
 
----------------------------------------------------------------
 
Processing item 3289: UM_m01s03i289_vn1302
 
Combining 10 .nc files
Files combined successfully with new shape: (120, 13, 144, 192)
 
Time elapsed: 1.76 s
 
Removing unwanted variables and fixing metadata...
Dropped vars: ['time_bounds', 'bounds', 'bounds_1']
New var name: gpp_pft
 
Writing and compressing adjusted file...
File written: /gws/ssde/j25b/mh_gsp/Processed_Output/u-df326/gpp_pft_185001-185912.nc
 
Time elapsed: 2.45 s
 
Removing uncombined files...
Done!
 
----------------------------------------------------------------
 
Processing item 3662: UM_m01s03i662_vn1302
 
Combining 10 .nc files
Files combined successfully with new shape: (120, 144, 192)
 
Time elapsed: 0.22 s
 
Removing unwanted variables and fixing metadata...
Dropped vars: ['time_bounds', 'bounds', 'bounds_1']
New var name: pot_npp
 
Writing and compressing adjusted file...
File written: /gws/ssde/j25b/mh_gsp/Processed_Output/u-df326/pot_npp_185001-185912.nc
 
Time elapsed: 0.36 s
 
Removing uncombined files...
Done!
 
----------------------------------------------------------------
 
Processing item 3691: UM_m01s03i691_vn1302
 
Combining 10 .nc files
Files combined successfully with new shape: (120, 13, 144, 192)
 
Time elapsed: 1.41 s
 
Removing unwanted variables and fixing metadata...
Dropped vars: ['time_bounds', 'bounds', 'bounds_1']
New var name: pot_npp_pft
 
Writing and compressing adjusted file...
File written: /gws/ssde/j25b/mh_gsp/Processed_Output/u-df326/pot_npp_pft_185001-185912.nc
 
Time elapsed: 2.49 s
 
Removing uncombined files...
Done!
 
----------------------------------------------------------------
 
Processing item 3663: UM_m01s03i663_vn1302
 
Combining 10 .nc files
Files combined successfully with new shape: (120, 144, 192)
 
Time elapsed: 0.22 s
 
Removing unwanted variables and fixing metadata...
Dropped vars: ['time_bounds', 'bounds', 'bounds_1']
New var name: pot_resp
 
Writing and compressing adjusted file...
File written: /gws/ssde/j25b/mh_gsp/Processed_Output/u-df326/pot_resp_185001-185912.nc
 
Time elapsed: 0.46 s
 
Removing uncombined files...
Done!
 
----------------------------------------------------------------
 
Processing item 3692: UM_m01s03i692_vn1302
 
Combining 10 .nc files
Files combined successfully with new shape: (120, 13, 144, 192)
 
Time elapsed: 1.73 s
 
Removing unwanted variables and fixing metadata...
Dropped vars: ['time_bounds', 'bounds', 'bounds_1']
New var name: pot_resp_pft
 
Writing and compressing adjusted file...
File written: /gws/ssde/j25b/mh_gsp/Processed_Output/u-df326/pot_resp_pft_185001-185912.nc
 
Time elapsed: 2.52 s
 
Removing uncombined files...
Done!
 
----------------------------------------------------------------
 
Processing item 19104: UM_m01s19i104_vn1302
 
Combining 10 .nc files
Files combined successfully with new shape: (120, 144, 192)
 
Time elapsed: 0.26 s
 
Removing unwanted variables and fixing metadata...
Dropped vars: ['time_bounds', 'bounds', 'bounds_1']
New var name: exudates
 
Writing and compressing adjusted file...
File written: /gws/ssde/j25b/mh_gsp/Processed_Output/u-df326/exudates_185001-185912.nc
 
Time elapsed: 0.38 s
 
Removing uncombined files...
Done!
 
----------------------------------------------------------------
 
Time elapsed: 129.64 s
Node: host1078.jc.rl.ac.uk
