================================================================
                      STASH EXTRACTION JOB                      
----------------------------------------------------------------
  Suite       : u-df326
  Years       : 1850 to 1860
  Package     : surfrad
  Requests    : 2
  Output dir  : /gws/ssde/j25b/mh_gsp/Processed_Output/u-df326
================================================================
 
                         STASH REQUESTS                         
----------------------------------------------------------------
 
                             STASH_NAME                                    CF_NAME SECTION ITEM OUTPUT_FILE  LEVELS DOMAIN    TIME  INDEX
0  NET DOWN SURFACE SW FLUX: SW TS ONLY        surface_net_downward_shortwave_flux       1  201          pm       1   DIAG  TMONMN     23
1        TOTAL DOWNWARD SURFACE SW FLUX  surface_downwelling_shortwave_flux_in_air       1  235          pm       1   DIAG  TMONMN     30
 
----------------------------------------------------------------
 
Output directory exists
 
----------------------------------------------------------------
 
Extracting fields year-by-year...

Year complete: 1852 (1/10)
Year complete: 1856 (2/10)
Year complete: 1858 (3/10)
Year complete: 1857 (4/10)
Year complete: 1850 (5/10)
Year complete: 1859 (6/10)
Year complete: 1854 (7/10)
Year complete: 1851 (8/10)
Year complete: 1855 (9/10)
Year complete: 1853 (10/10)
 
Time elapsed: 20.86 s
 
----------------------------------------------------------------
 
Processing item 1201: UM_m01s01i201_vn1302
 
Combining 10 .nc files
Files combined successfully with new shape: (120, 144, 192)
 
Time elapsed: 2.06 s
 
Removing unwanted variables and fixing metadata...
Dropped vars: ['time_bounds', 'bounds', 'bounds_1']
New var name: net_ssw
 
Writing and compressing adjusted file...
File written: /gws/ssde/j25b/mh_gsp/Processed_Output/u-df326/net_ssw_185001-185912.nc
 
Time elapsed: 0.46 s
 
Removing uncombined files...
Done!
 
----------------------------------------------------------------
 
Processing item 1235: UM_m01s01i235_vn1302
 
Combining 10 .nc files
Files combined successfully with new shape: (120, 144, 192)
 
Time elapsed: 0.28 s
 
Removing unwanted variables and fixing metadata...
Dropped vars: ['time_bounds', 'bounds', 'bounds_1']
New var name: down_ssw
 
Writing and compressing adjusted file...
File written: /gws/ssde/j25b/mh_gsp/Processed_Output/u-df326/down_ssw_185001-185912.nc
 
Time elapsed: 0.57 s
 
Removing uncombined files...
Done!
 
----------------------------------------------------------------
 
Time elapsed: 24.30 s
Node: host1078.jc.rl.ac.uk
