================================================================
                      STASH EXTRACTION JOB                      
----------------------------------------------------------------
  Suite       : u-df326
  Years       : 1850 to 1860
  Package     : precip
  Requests    : 4
  Output dir  : /gws/ssde/j25b/mh_gsp/Processed_Output/u-df326
================================================================
 
                         STASH REQUESTS                         
----------------------------------------------------------------
 
                         STASH_NAME                   CF_NAME SECTION ITEM OUTPUT_FILE  LEVELS DOMAIN    TIME  INDEX
0  CONVECTIVE RAINFALL RATE KG/M2/S  convective_rainfall_flux       5  205          pm       1   DIAG  TMONMN     88
1  CONVECTIVE SNOWFALL RATE KG/M2/S  convective_snowfall_flux       5  206          pm       1   DIAG  TMONMN     89
2       TOTAL RAINFALL RATE KG/M2/S             rainfall_flux       5  214          pm       1   DIAG  TMONMN     91
3       TOTAL SNOWFALL RATE KG/M2/S             snowfall_flux       5  215          pm       1   DIAG  TMONMN     92
 
----------------------------------------------------------------
 
Output directory exists
 
----------------------------------------------------------------
 
Extracting fields year-by-year...

Year complete: 1852 (1/10)
Year complete: 1857 (2/10)
Year complete: 1856 (3/10)
Year complete: 1850 (4/10)
Year complete: 1858 (5/10)
Year complete: 1859 (6/10)
Year complete: 1851 (7/10)
Year complete: 1854 (8/10)
Year complete: 1855 (9/10)
Year complete: 1853 (10/10)
 
Time elapsed: 20.87 s
 
----------------------------------------------------------------
 
Processing item 5205: UM_m01s05i205_vn1302
 
Combining 10 .nc files
Files combined successfully with new shape: (120, 144, 192)
 
Time elapsed: 2.21 s
 
Removing unwanted variables and fixing metadata...
Dropped vars: ['time_bounds', 'bounds', 'bounds_1']
New var name: conv_rain
 
Writing and compressing adjusted file...
File written: /gws/ssde/j25b/mh_gsp/Processed_Output/u-df326/conv_rain_185001-185912.nc
 
Time elapsed: 0.47 s
 
Removing uncombined files...
Done!
 
----------------------------------------------------------------
 
Processing item 5206: UM_m01s05i206_vn1302
 
Combining 10 .nc files
Files combined successfully with new shape: (120, 144, 192)
 
Time elapsed: 0.26 s
 
Removing unwanted variables and fixing metadata...
Dropped vars: ['time_bounds', 'bounds', 'bounds_1']
New var name: conv_snow
 
Writing and compressing adjusted file...
File written: /gws/ssde/j25b/mh_gsp/Processed_Output/u-df326/conv_snow_185001-185912.nc
 
Time elapsed: 0.60 s
 
Removing uncombined files...
Done!
 
----------------------------------------------------------------
 
Processing item 5214: UM_m01s05i214_vn1302
 
Combining 10 .nc files
Files combined successfully with new shape: (120, 144, 192)
 
Time elapsed: 0.38 s
 
Removing unwanted variables and fixing metadata...
Dropped vars: ['time_bounds', 'bounds', 'bounds_1']
New var name: total_rain
 
Writing and compressing adjusted file...
File written: /gws/ssde/j25b/mh_gsp/Processed_Output/u-df326/total_rain_185001-185912.nc
 
Time elapsed: 0.56 s
 
Removing uncombined files...
Done!
 
----------------------------------------------------------------
 
Processing item 5215: UM_m01s05i215_vn1302
 
Combining 10 .nc files
Files combined successfully with new shape: (120, 144, 192)
 
Time elapsed: 0.34 s
 
Removing unwanted variables and fixing metadata...
Dropped vars: ['time_bounds', 'bounds', 'bounds_1']
New var name: total_snow
 
Writing and compressing adjusted file...
File written: /gws/ssde/j25b/mh_gsp/Processed_Output/u-df326/total_snow_185001-185912.nc
 
Time elapsed: 0.45 s
 
Removing uncombined files...
Done!
 
----------------------------------------------------------------
 
Time elapsed: 26.31 s
Node: host1078.jc.rl.ac.uk
