================================================================
                      STASH EXTRACTION JOB                      
----------------------------------------------------------------
  Suite       : u-df326
  Years       : 1850 to 1860
  Package     : nsoil
  Requests    : 4
  Output dir  : /gws/ssde/j25b/mh_gsp/Processed_Output/u-df326
================================================================
 
                         STASH REQUESTS                         
----------------------------------------------------------------
 
                   STASH_NAME                  CF_NAME SECTION ITEM OUTPUT_FILE  LEVELS DOMAIN    TIME  INDEX
0    NITROGEN SOIL DPM KGN/M2  id%UM_m01s19i142_vn1302      19  142          pt       1   DIAG  TMONMN     63
1    NITROGEN SOIL BIO KGN/M2  id%UM_m01s19i143_vn1302      19  143          pt       1   DIAG  TMONMN     64
2    NITROGEN SOIL HUM KGN/M2  id%UM_m01s19i144_vn1302      19  144          pt       1   DIAG  TMONMN     65
3  NITROGEN SOIL TOTAL KGN/M2  id%UM_m01s19i145_vn1302      19  145          pa       1   DIAG  TMONMN      7
 
----------------------------------------------------------------
 
Output directory exists
 
----------------------------------------------------------------
 
Extracting fields year-by-year...

Year complete: 1855 (1/10)
Year complete: 1859 (2/10)
Year complete: 1854 (3/10)
Year complete: 1851 (4/10)
Year complete: 1857 (5/10)
Year complete: 1853 (6/10)
Year complete: 1852 (7/10)
Year complete: 1856 (8/10)
Year complete: 1858 (9/10)
Year complete: 1850 (10/10)
 
Time elapsed: 9.11 s
 
----------------------------------------------------------------
 
Processing item 19142: UM_m01s19i142_vn1302
 
Combining 10 .nc files
Files combined successfully with new shape: (120, 144, 192)
 
Time elapsed: 2.41 s
 
Removing unwanted variables and fixing metadata...
Dropped vars: ['time_bounds', 'bounds', 'bounds_1']
New var name: rpm_npool
 
Writing and compressing adjusted file...
File written: /gws/ssde/j25b/mh_gsp/Processed_Output/u-df326/rpm_npool_185001-185912.nc
 
Time elapsed: 0.27 s
 
Removing uncombined files...
Done!
 
----------------------------------------------------------------
 
Processing item 19143: UM_m01s19i143_vn1302
 
Combining 10 .nc files
Files combined successfully with new shape: (120, 144, 192)
 
Time elapsed: 0.16 s
 
Removing unwanted variables and fixing metadata...
Dropped vars: ['time_bounds', 'bounds', 'bounds_1']
New var name: bio_npool
 
Writing and compressing adjusted file...
File written: /gws/ssde/j25b/mh_gsp/Processed_Output/u-df326/bio_npool_185001-185912.nc
 
Time elapsed: 0.33 s
 
Removing uncombined files...
Done!
 
----------------------------------------------------------------
 
Processing item 19144: UM_m01s19i144_vn1302
 
Combining 10 .nc files
Files combined successfully with new shape: (120, 144, 192)
 
Time elapsed: 0.15 s
 
Removing unwanted variables and fixing metadata...
Dropped vars: ['time_bounds', 'bounds', 'bounds_1']
New var name: hum_npool
 
Writing and compressing adjusted file...
File written: /gws/ssde/j25b/mh_gsp/Processed_Output/u-df326/hum_npool_185001-185912.nc
 
Time elapsed: 0.24 s
 
Removing uncombined files...
Done!
 
----------------------------------------------------------------
 
Processing item 19145: UM_m01s19i145_vn1302
 
Combining 10 .nc files
Traceback (most recent call last):
  File "/apps/jasmin/jaspy/miniforge_envs/jaspy3.12/mf3-25.3.0-3/envs/jaspy3.12-mf3-25.3.0-3-v20250704/lib/python3.12/site-packages/xarray/core/dataset.py", line 1154, in _construct_dataarray
    variable = self._variables[name]
               ~~~~~~~~~~~~~~~^^^^^^
KeyError: 'UM_m01s19i145_vn1302'

During handling of the above exception, another exception occurred:

Traceback (most recent call last):
  File "/apps/jasmin/jaspy/miniforge_envs/jaspy3.12/mf3-25.3.0-3/envs/jaspy3.12-mf3-25.3.0-3-v20250704/lib/python3.12/site-packages/xarray/core/dataset.py", line 1261, in __getitem__
    return self._construct_dataarray(key)
           ^^^^^^^^^^^^^^^^^^^^^^^^^^^^^^
  File "/apps/jasmin/jaspy/miniforge_envs/jaspy3.12/mf3-25.3.0-3/envs/jaspy3.12-mf3-25.3.0-3-v20250704/lib/python3.12/site-packages/xarray/core/dataset.py", line 1156, in _construct_dataarray
    _, name, variable = _get_virtual_variable(self._variables, name, self.sizes)
                        ^^^^^^^^^^^^^^^^^^^^^^^^^^^^^^^^^^^^^^^^^^^^^^^^^^^^^^^^
  File "/apps/jasmin/jaspy/miniforge_envs/jaspy3.12/mf3-25.3.0-3/envs/jaspy3.12-mf3-25.3.0-3-v20250704/lib/python3.12/site-packages/xarray/core/dataset_utils.py", line 79, in _get_virtual_variable
    raise KeyError(key)
KeyError: 'UM_m01s19i145_vn1302'

The above exception was the direct cause of the following exception:

Traceback (most recent call last):
  File "/gws/ssde/j25b/mh_gsp/STASH_extract/um_extract_sbatch.py", line 266, in <module>
    print(f"Files combined successfully with new shape: {xds[var].shape}", flush=True)
                                                         ~~~^^^^^
  File "/apps/jasmin/jaspy/miniforge_envs/jaspy3.12/mf3-25.3.0-3/envs/jaspy3.12-mf3-25.3.0-3-v20250704/lib/python3.12/site-packages/xarray/core/dataset.py", line 1274, in __getitem__
    raise KeyError(message) from e
KeyError: "No variable named 'UM_m01s19i145_vn1302'. Did you mean one of ('UM_m01s19i144_vn1302',)?"
