================================================================
                      STASH EXTRACTION JOB                      
----------------------------------------------------------------
  Suite       : u-df326
  Years       : 1850 to 1860
  Package     : pr-daily
  Requests    : 1
  Output dir  : /gws/ssde/j25b/mh_gsp/Processed_Output/u-df326
================================================================
 
                         STASH REQUESTS                         
----------------------------------------------------------------
 
                         STASH_NAME             CF_NAME SECTION ITEM OUTPUT_FILE  LEVELS DOMAIN   TIME  INDEX
0  TOTAL PRECIPITATION RATE KG/M2/S  precipitation_flux       5  216          pd       1   DIAG  TDAYM      4
 
----------------------------------------------------------------
 
Output directory exists
 
----------------------------------------------------------------
 
Extracting fields year-by-year...

Year complete: 1852 (1/10)
Year complete: 1856 (2/10)
Year complete: 1859 (3/10)
Year complete: 1850 (4/10)
Year complete: 1851 (5/10)
Year complete: 1854 (6/10)
Year complete: 1857 (7/10)
Year complete: 1858 (8/10)
Year complete: 1855 (9/10)
Year complete: 1853 (10/10)
 
Time elapsed: 19.79 s
 
----------------------------------------------------------------
 
Processing item 5216: UM_m01s05i216_vn1302
 
Combining 10 .nc files
Files combined successfully with new shape: (3600, 144, 192)
 
Time elapsed: 7.73 s
 
Removing unwanted variables and fixing metadata...
Dropped vars: ['time_bounds', 'bounds', 'bounds_1']
New var name: pr_daily
 
Writing and compressing adjusted file...
File written: /gws/ssde/j25b/mh_gsp/Processed_Output/u-df326/pr_daily_185001-185912.nc
 
Time elapsed: 11.81 s
 
Removing uncombined files...
Done!
 
----------------------------------------------------------------
 
Time elapsed: 39.39 s
Node: host1086.jc.rl.ac.uk
