================================================================
                      STASH EXTRACTION JOB                      
----------------------------------------------------------------
  Suite       : u-df326
  Years       : 1850 to 1860
  Package     : veg
  Requests    : 4
  Output dir  : /gws/ssde/j25b/mh_gsp/Processed_Output/u-df326
================================================================
 
                         STASH REQUESTS                         
----------------------------------------------------------------
 
                        STASH_NAME                    CF_NAME SECTION ITEM OUTPUT_FILE  LEVELS DOMAIN    TIME  INDEX
0        LEAF AREA INDICES ON PFTS    id%UM_m01s03i318_vn1302       3  318          pt      13  DPFTS  TMONMN     11
1            CANOPY HEIGHT ON PFTS    id%UM_m01s03i319_vn1302       3  319          pt      13  DPFTS  TMONMN     12
2  GRIDBOX MEAN VEG CARBON KG C/M2  vegetation_carbon_content      19    2          pt       1   DIAG  TMONMN     43
3     NITROGEN VEG (GBM) KGN/M2/YR    id%UM_m01s19i137_vn1302      19  137          pt       1   DIAG  TMONMN     61
 
----------------------------------------------------------------
 
Output directory exists
 
----------------------------------------------------------------
 
Extracting fields year-by-year...

Year complete: 1856 (1/10)
Year complete: 1859 (2/10)
Year complete: 1854 (3/10)
Year complete: 1858 (4/10)
Year complete: 1852 (5/10)
Year complete: 1855 (6/10)
Year complete: 1857 (7/10)
Year complete: 1850 (8/10)
Year complete: 1851 (9/10)
Year complete: 1853 (10/10)
 
Time elapsed: 76.90 s
 
----------------------------------------------------------------
 
Processing item 3318: UM_m01s03i318_vn1302
 
Combining 10 .nc files
Files combined successfully with new shape: (120, 13, 144, 192)
 
Time elapsed: 4.51 s
 
Removing unwanted variables and fixing metadata...
Dropped vars: ['time_bounds', 'bounds', 'bounds_1']
New var name: lai
 
Writing and compressing adjusted file...
File written: /gws/ssde/j25b/mh_gsp/Processed_Output/u-df326/lai_185001-185912.nc
 
Time elapsed: 2.78 s
 
Removing uncombined files...
Done!
 
----------------------------------------------------------------
 
Processing item 3319: UM_m01s03i319_vn1302
 
Combining 10 .nc files
Files combined successfully with new shape: (120, 13, 144, 192)
 
Time elapsed: 2.39 s
 
Removing unwanted variables and fixing metadata...
Dropped vars: ['time_bounds', 'bounds', 'bounds_1']
New var name: can_hgt
 
Writing and compressing adjusted file...
File written: /gws/ssde/j25b/mh_gsp/Processed_Output/u-df326/can_hgt_185001-185912.nc
 
Time elapsed: 2.45 s
 
Removing uncombined files...
Done!
 
----------------------------------------------------------------
 
Processing item 19002: UM_m01s19i002_vn1302
 
Combining 10 .nc files
Files combined successfully with new shape: (120, 144, 192)
 
Time elapsed: 0.29 s
 
Removing unwanted variables and fixing metadata...
Dropped vars: ['time_bounds', 'bounds', 'bounds_1']
New var name: veg_carbon
 
Writing and compressing adjusted file...
File written: /gws/ssde/j25b/mh_gsp/Processed_Output/u-df326/veg_carbon_185001-185912.nc
 
Time elapsed: 0.35 s
 
Removing uncombined files...
Done!
 
----------------------------------------------------------------
 
Processing item 19137: UM_m01s19i137_vn1302
 
Combining 10 .nc files
Files combined successfully with new shape: (120, 144, 192)
 
Time elapsed: 0.24 s
 
Removing unwanted variables and fixing metadata...
Dropped vars: ['time_bounds', 'bounds', 'bounds_1']
New var name: veg_nitrogen
 
Writing and compressing adjusted file...
File written: /gws/ssde/j25b/mh_gsp/Processed_Output/u-df326/veg_nitrogen_185001-185912.nc
 
Time elapsed: 0.33 s
 
Removing uncombined files...
Done!
 
----------------------------------------------------------------
 
Time elapsed: 90.33 s
Node: host1078.jc.rl.ac.uk
