================================================================
                      STASH EXTRACTION JOB                      
----------------------------------------------------------------
  Suite       : u-df326
  Years       : 1850 to 1900
  Package     : nsoil
  Requests    : 3
  Output dir  : /gws/ssde/j25b/mh_gsp/Processed_Output/u-df326
================================================================
 
                         STASH REQUESTS                         
----------------------------------------------------------------
 
                   STASH_NAME                  CF_NAME SECTION ITEM OUTPUT_FILE  LEVELS DOMAIN    TIME  INDEX
0    NITROGEN SOIL HUM KGN/M2  id%UM_m01s19i144_vn1302      19  144          pt       1   DIAG  TMONMN     65
1  NITROGEN SOIL TOTAL KGN/M2  id%UM_m01s19i145_vn1302      19  145          pt       1   DIAG  TMONMN     66
2   INORGANIC NITROGEN KGN/M2  id%UM_m01s19i146_vn1302      19  146          pt       1   DIAG  TMONMN     67
 
----------------------------------------------------------------
 
Output directory exists
 
----------------------------------------------------------------
 
Extracting fields year-by-year...

Year complete: 1896 (1/50)
Year complete: 1891 (2/50)
Year complete: 1858 (3/50)
Year complete: 1890 (4/50)
Year complete: 1872 (5/50)
Year complete: 1880 (6/50)
Year complete: 1868 (7/50)
Year complete: 1855 (8/50)
Year complete: 1850 (9/50)
Year complete: 1892 (10/50)
Year complete: 1893 (11/50)
Year complete: 1870 (12/50)
Year complete: 1854 (13/50)
Year complete: 1862 (14/50)
Year complete: 1860 (15/50)
Year complete: 1867 (16/50)
Year complete: 1851 (17/50)
Year complete: 1879 (18/50)
Year complete: 1882 (19/50)
Year complete: 1857 (20/50)
Year complete: 1852 (21/50)
Year complete: 1881 (22/50)
Year complete: 1877 (23/50)
Year complete: 1885 (24/50)
Year complete: 1871 (25/50)
Year complete: 1866 (26/50)
Year complete: 1856 (27/50)
Year complete: 1889 (28/50)
Year complete: 1898 (29/50)
Year complete: 1878 (30/50)
Year complete: 1897 (31/50)
Year complete: 1865 (32/50)
Year complete: 1883 (33/50)
Year complete: 1887 (34/50)
Year complete: 1853 (35/50)
Year complete: 1895 (36/50)
Year complete: 1888 (37/50)
Year complete: 1875 (38/50)
Year complete: 1884 (39/50)
Year complete: 1899 (40/50)
Year complete: 1864 (41/50)
Year complete: 1873 (42/50)
Year complete: 1894 (43/50)
Year complete: 1861 (44/50)
Year complete: 1869 (45/50)
Year complete: 1859 (46/50)
Year complete: 1863 (47/50)
Year complete: 1876 (48/50)
Year complete: 1886 (49/50)
Year complete: 1874 (50/50)
 
Time elapsed: 22.88 s
 
----------------------------------------------------------------
 
Processing item 19144: UM_m01s19i144_vn1302
 
Combining 50 .nc files
Files combined successfully with new shape: (600, 144, 192)
 
Time elapsed: 3.70 s
 
Removing unwanted variables and fixing metadata...
Dropped vars: ['time_bounds', 'bounds', 'bounds_1']
New var name: hum_npool
 
Writing and compressing adjusted file...
File written: /gws/ssde/j25b/mh_gsp/Processed_Output/u-df326/hum_npool_185001-189912.nc
 
Time elapsed: 0.77 s
 
Removing uncombined files...
Done!
 
----------------------------------------------------------------
 
Processing item 19145: UM_m01s19i145_vn1302
 
Combining 50 .nc files
Files combined successfully with new shape: (600, 144, 192)
 
Time elapsed: 1.13 s
 
Removing unwanted variables and fixing metadata...
Dropped vars: ['time_bounds', 'bounds', 'bounds_1']
New var name: total_npool
 
Writing and compressing adjusted file...
File written: /gws/ssde/j25b/mh_gsp/Processed_Output/u-df326/total_npool_185001-189912.nc
 
Time elapsed: 0.76 s
 
Removing uncombined files...
Done!
 
----------------------------------------------------------------
 
Processing item 19146: UM_m01s19i146_vn1302
 
Combining 50 .nc files
Files combined successfully with new shape: (600, 144, 192)
 
Time elapsed: 1.06 s
 
Removing unwanted variables and fixing metadata...
Dropped vars: ['time_bounds', 'bounds', 'bounds_1']
New var name: inor_npool
 
Writing and compressing adjusted file...
File written: /gws/ssde/j25b/mh_gsp/Processed_Output/u-df326/inor_npool_185001-189912.nc
 
Time elapsed: 0.95 s
 
Removing uncombined files...
Done!
 
----------------------------------------------------------------
 
Time elapsed: 31.53 s
Node: host1031.jc.rl.ac.uk
