================================================================
                      STASH EXTRACTION JOB                      
----------------------------------------------------------------
  Suite       : u-df326
  Years       : 1850 to 1860
  Package     : surfacefrac
  Requests    : 1
  Output dir  : /gws/ssde/j25b/mh_gsp/Processed_Output/u-df326
================================================================
 
                         STASH REQUESTS                         
----------------------------------------------------------------
 
                             STASH_NAME                  CF_NAME SECTION ITEM OUTPUT_FILE  LEVELS DOMAIN    TIME  INDEX
0  SURFACE TYPE FRACTIONS AFTER TRIFFID  id%UM_m01s19i013_vn1302      19   13          pt      27  DTILE  TMONMN     44
 
----------------------------------------------------------------
 
Output directory exists
 
----------------------------------------------------------------
 
Extracting fields year-by-year...

Year complete: 1859 (1/10)
Year complete: 1850 (2/10)
Year complete: 1854 (3/10)
Year complete: 1853 (4/10)
Year complete: 1852 (5/10)
Year complete: 1855 (6/10)
Year complete: 1858 (7/10)
Year complete: 1851 (8/10)
Year complete: 1857 (9/10)
Year complete: 1856 (10/10)
 
Time elapsed: 141.38 s
 
----------------------------------------------------------------
 
Processing item 19013: UM_m01s19i013_vn1302
 
Combining 10 .nc files
Files combined successfully with new shape: (120, 27, 144, 192)
 
Time elapsed: 6.23 s
 
Removing unwanted variables and fixing metadata...
Dropped vars: ['time_bounds', 'bounds', 'bounds_1']
New var name: surfacefrac
 
Writing and compressing adjusted file...
File written: /gws/ssde/j25b/mh_gsp/Processed_Output/u-df326/surfacefrac_185001-185912.nc
 
Time elapsed: 3.10 s
 
Removing uncombined files...
Done!
 
----------------------------------------------------------------
 
Time elapsed: 150.76 s
Node: host1207.jc.rl.ac.uk
